2017.08.24 11:54 B C:\Users\wiehet\Documents\WebDesign\index.htm --> computerscience.qvsd.org /WebDesign index.htm
2017.08.25 11:42 B C:\Users\wiehet\Documents\WebDesign\index.htm --> computerscience.qvsd.org / index.htm
2017.08.25 11:42 B C:\Users\wiehet\Documents\WebDesign\index.htm --> computerscience.qvsd.org /WebDesign index.htm
2017.08.30 12:37 B C:\Users\wiehet\Desktop\WebDesign\index.htm --> computerscience.qvsd.org / index.htm
2017.08.30 12:38 B C:\Users\wiehet\Desktop\WebDesign\index.htm --> computerscience.qvsd.org /WebDesign index.htm
2017.08.30 12:40 B C:\Users\wiehet\Desktop\WebDesign\vocab a.docx --> computerscience.qvsd.org /WebDesign vocab a.docx
2017.08.30 12:40 B C:\Users\wiehet\Desktop\WebDesign\construction pic.gif --> computerscience.qvsd.org /WebDesign construction pic.gif
2017.08.30 12:40 B C:\Users\wiehet\Desktop\WebDesign\Beaker_(Muppet).jpg --> computerscience.qvsd.org /WebDesign Beaker_(Muppet).jpg
2017.08.30 12:46 B C:\Users\wiehet\Desktop\WebDesign\index.htm --> computerscience.qvsd.org /WebDesign index.htm
2017.08.30 12:46 B C:\Users\wiehet\Desktop\WebDesign\vocab a.docx --> computerscience.qvsd.org /WebDesign vocab a.docx
2017.08.30 12:46 B C:\Users\wiehet\Desktop\WebDesign\construction pic.gif --> computerscience.qvsd.org /WebDesign construction pic.gif
2017.08.30 12:51 B C:\Users\wiehet\Desktop\WebDesign\Beaker_(Muppet).jpg --> computerscience.qvsd.org /WebDesign/WebDesign Beaker_(Muppet).jpg
2017.08.30 12:51 B C:\Users\wiehet\Desktop\WebDesign\construction pic.gif --> computerscience.qvsd.org /WebDesign/WebDesign construction pic.gif
2017.08.30 12:51 B C:\Users\wiehet\Desktop\WebDesign\Example Page.htm --> computerscience.qvsd.org /WebDesign/WebDesign Example Page.htm
2017.08.30 12:51 B C:\Users\wiehet\Desktop\WebDesign\Example Page.txt --> computerscience.qvsd.org /WebDesign/WebDesign Example Page.txt
2017.08.30 12:51 B C:\Users\wiehet\Desktop\WebDesign\index.htm --> computerscience.qvsd.org /WebDesign/WebDesign index.htm
2017.08.30 12:51 B C:\Users\wiehet\Desktop\WebDesign\vocab a.docx --> computerscience.qvsd.org /WebDesign/WebDesign vocab a.docx
2017.08.30 12:51 B C:\Users\wiehet\Desktop\WebDesign\WS_FTP.LOG --> computerscience.qvsd.org /WebDesign/WebDesign WS_FTP.LOG
2017.08.31 11:30 B C:\Users\wiehet\Desktop\WebDesign\index.htm --> computerscience.qvsd.org / index.htm
2017.08.31 11:30 B C:\Users\wiehet\Desktop\WebDesign\construction pic.gif --> computerscience.qvsd.org / construction pic.gif
2017.08.31 11:30 B C:\Users\wiehet\Desktop\WebDesign\vocab a.docx --> computerscience.qvsd.org / vocab a.docx
2017.08.31 11:32 B C:\Users\wiehet\Desktop\WebDesign\index.htm --> computerscience.qvsd.org / index.htm
2017.08.31 11:32 B C:\Users\wiehet\Desktop\WebDesign\index.htm --> computerscience.qvsd.org / index.htm
2017.09.01 11:34 B C:\Users\wiehet\Desktop\WebDesign\index.htm --> computerscience.qvsd.org / index.htm
2017.09.01 12:27 B C:\Users\wiehet\Desktop\WebDesign\index.htm --> computerscience.qvsd.org / index.htm
2017.09.01 12:30 B C:\Users\wiehet\Desktop\WebDesign\index.htm --> computerscience.qvsd.org / index.htm
2017.09.05 11:31 B C:\Users\wiehet\Desktop\WebDesign\index.htm --> computerscience.qvsd.org / index.htm
2017.09.05 11:31 B C:\Users\wiehet\Desktop\WebDesign\vocab b.docx --> computerscience.qvsd.org / vocab b.docx
2017.09.05 11:36 B C:\Users\wiehet\Desktop\WebDesign\index.htm --> computerscience.qvsd.org / index.htm
2017.09.05 11:36 B C:\Users\wiehet\Desktop\WebDesign\rubixcube.gif --> computerscience.qvsd.org / rubixcube.gif
2017.09.05 11:45 B C:\Users\wiehet\Desktop\WebDesign\index.htm --> computerscience.qvsd.org / index.htm
2017.09.07 12:46 B C:\Users\wiehet\Desktop\WebDesign\index.htm --> computerscience.qvsd.org / index.htm
2017.09.08 12:20 B C:\Users\wiehet\Desktop\WebDesign\index.htm --> computerscience.qvsd.org / index.htm
2017.09.11 11:14 B C:\Users\wiehet\Desktop\WebDesign\index.htm --> computerscience.qvsd.org / index.htm
2017.09.11 11:18 B C:\Users\wiehet\Desktop\WebDesign\index.htm --> computerscience.qvsd.org / index.htm
2017.09.11 11:22 B C:\Users\wiehet\Desktop\WebDesign\index.htm --> computerscience.qvsd.org / index.htm
2017.09.12 12:27 B C:\Users\wiehet\Desktop\WebDesign\index.htm --> computerscience.qvsd.org /bitspcs index.htm
2017.09.12 12:28 B C:\Users\wiehet\Desktop\WebDesign\index.htm --> computerscience.qvsd.org / index.htm
2017.09.12 12:32 B C:\Users\wiehet\Desktop\WebDesign\index.htm --> computerscience.qvsd.org / index.htm
2017.09.12 12:34 B C:\Users\wiehet\Desktop\WebDesign\index.htm --> computerscience.qvsd.org / index.htm
2017.09.12 12:40 B C:\Users\wiehet\Desktop\WebDesign\index.htm --> computerscience.qvsd.org / index.htm
2017.09.12 12:44 B C:\Users\wiehet\Desktop\WebDesign\index.htm --> computerscience.qvsd.org / index.htm
2017.09.13 11:32 B C:\Users\wiehet\Desktop\WebDesign\vocab c.docx --> computerscience.qvsd.org / vocab c.docx
2017.09.13 11:32 B C:\Users\wiehet\Desktop\WebDesign\index.htm --> computerscience.qvsd.org / index.htm
2017.09.13 11:38 B C:\Users\wiehet\Desktop\WebDesign\index.htm --> computerscience.qvsd.org / index.htm
2017.09.13 11:40 B C:\Users\wiehet\Desktop\WebDesign\index.htm --> computerscience.qvsd.org / index.htm
2017.09.13 11:40 B C:\users\wiehet\Desktop\WebDesign\index.htm --> computerscience.qvsd.org / index.htm
2017.09.13 11:42 B C:\users\wiehet\Desktop\WebDesign\index.htm --> computerscience.qvsd.org / index.htm
2017.09.13 11:43 B C:\users\wiehet\Desktop\WebDesign\index.htm --> computerscience.qvsd.org / index.htm
2017.09.13 11:44 B C:\users\wiehet\Desktop\WebDesign\index.htm --> computerscience.qvsd.org / index.htm
2017.09.13 11:45 B C:\users\wiehet\Desktop\WebDesign\index.htm --> computerscience.qvsd.org / index.htm
2017.09.14 11:19 B C:\users\wiehet\Desktop\WebDesign\index.htm --> computerscience.qvsd.org / index.htm
2017.09.14 11:35 B C:\Users\wiehet\Desktop\WebDesign\index.htm --> computerscience.qvsd.org / index.htm
2017.09.15 11:26 B C:\Users\wiehet\Desktop\WebDesign\index.htm --> computerscience.qvsd.org / index.htm
2017.09.15 11:30 B C:\Users\wiehet\Desktop\WebDesign\index.htm --> computerscience.qvsd.org / index.htm
2017.09.15 11:31 B C:\Users\wiehet\Desktop\WebDesign\index.htm --> computerscience.qvsd.org / index.htm
2017.09.15 12:53 B C:\Users\wiehet\Desktop\WebDesign\index.htm --> computerscience.qvsd.org / index.htm
2017.09.15 12:53 B C:\Users\wiehet\Desktop\WebDesign\index.htm --> computerscience.qvsd.org / index.htm
2017.09.18 11:18 B C:\Users\wiehet\Desktop\WebDesign\index.htm --> computerscience.qvsd.org / index.htm
2017.09.20 12:34 B C:\Users\wiehet\Desktop\WebDesign\index.htm --> computerscience.qvsd.org / index.htm
2017.09.21 11:21 B C:\Users\wiehet\Desktop\WebDesign\index.htm --> computerscience.qvsd.org / index.htm
2017.09.21 11:21 B C:\Users\wiehet\Desktop\WebDesign\goodmusic.mp3 --> computerscience.qvsd.org / goodmusic.mp3
2017.09.21 11:22 B C:\Users\wiehet\Desktop\WebDesign\index.htm --> computerscience.qvsd.org / index.htm
2017.09.21 11:23 B C:\Users\wiehet\Desktop\WebDesign\goodmusic.mp3 --> computerscience.qvsd.org / goodmusic.mp3
2017.09.21 11:23 B C:\Users\wiehet\Desktop\WebDesign\index.htm --> computerscience.qvsd.org / index.htm
2017.09.26 11:17 B C:\Users\wiehet\Desktop\WebDesign\index.htm --> computerscience.qvsd.org / index.htm
2017.09.28 11:16 B C:\Users\wiehet\Desktop\WebDesign\index.htm --> computerscience.qvsd.org / index.htm
2017.09.28 11:42 B C:\Users\wiehet\Desktop\WebDesign\index.htm --> computerscience.qvsd.org / index.htm
2017.09.28 12:21 B C:\Users\wiehet\Desktop\WebDesign\index.htm --> computerscience.qvsd.org / index.htm
2017.09.29 11:14 B C:\Users\wiehet\Desktop\WebDesign\index.htm --> computerscience.qvsd.org / index.htm
2017.10.02 11:45 B C:\Users\wiehet\Desktop\WebDesign\index.htm --> computerscience.qvsd.org / index.htm
2017.10.03 12:50 B C:\Users\wiehet\Desktop\WebDesign\index.htm --> computerscience.qvsd.org / index.htm
2017.10.03 12:51 B C:\Users\wiehet\Desktop\WebDesign\index.htm --> computerscience.qvsd.org / index.htm
2017.10.04 11:18 B C:\Users\wiehet\Desktop\WebDesign\index.htm --> computerscience.qvsd.org / index.htm
2017.10.04 11:20 B C:\Users\wiehet\Desktop\WebDesign\index.htm --> computerscience.qvsd.org / index.htm
2017.10.04 11:38 B C:\Users\wiehet\Desktop\WebDesign\index.htm --> computerscience.qvsd.org / index.htm
2017.10.04 11:41 B C:\Users\wiehet\Desktop\WebDesign\index.htm --> computerscience.qvsd.org / index.htm
2017.10.05 11:22 B C:\Users\wiehet\Desktop\WebDesign\index.htm --> computerscience.qvsd.org / index.htm
2017.10.05 12:50 B C:\Users\wiehet\Desktop\WebDesign\index.htm --> computerscience.qvsd.org / index.htm
2017.10.06 11:50 B C:\Users\wiehet\Desktop\WebDesign\index.htm --> computerscience.qvsd.org / index.htm
2017.10.10 11:16 B C:\Users\wiehet\Desktop\WebDesign\index.htm --> computerscience.qvsd.org / index.htm
2017.10.12 11:23 B C:\Users\wiehet\Desktop\WebDesign\index.htm --> computerscience.qvsd.org / index.htm
2017.10.12 11:24 B C:\Users\wiehet\Desktop\WebDesign\vocab e.docx --> computerscience.qvsd.org / vocab e.docx
2017.10.12 11:32 B C:\Users\wiehet\Desktop\WebDesign\index.htm --> computerscience.qvsd.org / index.htm
2017.10.12 11:32 B C:\Users\wiehet\Desktop\WebDesign\Table practice.htm --> computerscience.qvsd.org / Table practice.htm
2017.10.16 12:30 B C:\Users\wiehet\Desktop\WebDesign\index.htm --> computerscience.qvsd.org / index.htm
2017.10.16 12:30 B C:\Users\wiehet\Desktop\WebDesign\Route 66.mp3 --> computerscience.qvsd.org / Route 66.mp3
2017.10.16 12:33 B C:\Users\wiehet\Desktop\WebDesign\index.htm --> computerscience.qvsd.org / index.htm
2017.10.20 11:32 B C:\Users\wiehet\Desktop\WebDesign\index.htm --> computerscience.qvsd.org / index.htm
2017.10.20 11:35 B C:\Users\wiehet\Desktop\WebDesign\index.htm --> computerscience.qvsd.org / index.htm
2017.10.24 11:17 B C:\Users\wiehet\Desktop\WebDesign\index.htm --> computerscience.qvsd.org / index.htm
2017.10.24 11:17 B C:\Users\wiehet\Desktop\WebDesign\prank.mp3 --> computerscience.qvsd.org / prank.mp3
2017.10.30 11:33 B C:\Users\wiehet\Desktop\WebDesign\w&g.mp3 --> computerscience.qvsd.org / w&g.mp3
2017.10.30 11:33 B C:\Users\wiehet\Desktop\WebDesign\index.htm --> computerscience.qvsd.org / index.htm
2017.10.30 11:46 B C:\Users\wiehet\Desktop\WebDesign\index.htm --> computerscience.qvsd.org / index.htm
2017.11.09 11:17 B C:\Users\wiehet\Desktop\WebDesign\index.htm --> computerscience.qvsd.org / index.htm
2017.11.09 11:25 B C:\Users\wiehet\Desktop\WebDesign\index.htm --> computerscience.qvsd.org / index.htm
2017.11.09 11:37 B C:\Users\wiehet\Desktop\WebDesign\vocab g.docx --> computerscience.qvsd.org / vocab g.docx
2017.11.09 11:37 B C:\Users\wiehet\Desktop\WebDesign\vocab h.docx --> computerscience.qvsd.org / vocab h.docx
2017.11.09 11:37 B C:\Users\wiehet\Desktop\WebDesign\vocab f.docx --> computerscience.qvsd.org / vocab f.docx
2017.11.09 11:37 B C:\Users\wiehet\Desktop\WebDesign\vocab d.docx --> computerscience.qvsd.org / vocab d.docx
2017.11.09 11:39 B C:\Users\wiehet\Desktop\WebDesign\index.htm --> computerscience.qvsd.org / index.htm
2017.11.09 12:22 B C:\Users\wiehet\Desktop\WebDesign\index.htm --> computerscience.qvsd.org / index.htm
2017.11.09 12:22 B C:\Users\wiehet\Desktop\WebDesign\bananza.jpg --> computerscience.qvsd.org / bananza.jpg
2017.11.09 12:48 B C:\Users\wiehet\Desktop\WebDesign\index.htm <-- computerscience.qvsd.org / index.htm
2017.11.17 11:16 B C:\Users\wiehet\Desktop\WebDesign\index.htm --> computerscience.qvsd.org / index.htm
2017.11.17 11:16 B C:\Users\wiehet\Desktop\WebDesign\index.htm --> computerscience.qvsd.org / index.htm
2017.11.17 12:35 B C:\Users\wiehet\Desktop\WebDesign\index.htm --> computerscience.qvsd.org / index.htm
2017.11.17 12:45 B C:\Users\wiehet\Desktop\WebDesign\index.htm --> computerscience.qvsd.org / index.htm
